Using pre-set license
Built from '2021.1/release' branch; Version is '2021.1.10f1 (b15f561b2cef) revision 11624278'; Using compiler version '192528614'; Build Type 'Release'
OS: 'Windows 10 Home; OS build 19041.1052; Version 2004; 64bit' Language: 'en' Physical Memory: 16306 MB
BatchMode: 1, IsHumanControllingUs: 0, StartBugReporterOnCrash: 0, Is64bit: 1, IsPro: 0

 COMMAND LINE ARGUMENTS:
D:\Program Files\Unity\2021.1.10f1\Editor\Unity.exe
-adb2
-batchMode
-noUpm
-name
AssetImportWorker0
-projectPath
D:/Auticus/Dev/ActionRPG
-logFile
Logs/AssetImportWorker0.log
-srvPort
60086
Successfully changed project path to: D:/Auticus/Dev/ActionRPG
D:/Auticus/Dev/ActionRPG
Using Asset Import Pipeline V2.
Refreshing native plugins compatible for Editor in 61.18 ms, found 3 plugins.
Preloading 0 native plugins for Editor in 0.00 ms.
Initialize engine version: 2021.1.10f1 (b15f561b2cef)
[Subsystems] Discovering subsystems at path D:/Program Files/Unity/2021.1.10f1/Editor/Data/Resources/UnitySubsystems
[Subsystems] Discovering subsystems at path D:/Auticus/Dev/ActionRPG/Assets
GfxDevice: creating device client; threaded=0; jobified=0
Direct3D:
    Version:  Direct3D 11.0 [level 11.1]
    Renderer: NVIDIA GeForce RTX 2060 (ID=0x1e89)
    Vendor:   NVIDIA
    VRAM:     5968 MB
    Driver:   27.21.14.6677
Initialize mono
Mono path[0] = 'D:/Program Files/Unity/2021.1.10f1/Editor/Data/Managed'
Mono path[1] = 'D:/Program Files/Unity/2021.1.10f1/Editor/Data/MonoBleedingEdge/lib/mono/unityjit'
Mono config path = 'D:/Program Files/Unity/2021.1.10f1/Editor/Data/MonoBleedingEdge/etc'
Using monoOptions --debugger-agent=transport=dt_socket,embedding=1,server=y,suspend=n,address=127.0.0.1:56404
Begin MonoManager ReloadAssembly
Registering precompiled unity dll's ...
Register platform support module: D:/Program Files/Unity/2021.1.10f1/Editor/Data/PlaybackEngines/WindowsStandaloneSupport/UnityEditor.WindowsStandalone.Extensions.dll
Registered in 0.001150 seconds.
Native extension for WindowsStandalone target not found
Refreshing native plugins compatible for Editor in 58.89 ms, found 3 plugins.
Preloading 0 native plugins for Editor in 0.00 ms.
Mono: successfully reloaded assembly
- Completed reload, in  1.146 seconds
Domain Reload Profiling:
	ReloadAssembly (1147ms)
		BeginReloadAssembly (62ms)
			ExecutionOrderSort (0ms)
			DisableScriptedObjects (0ms)
			BackupInstance (0ms)
			ReleaseScriptingObjects (0ms)
			CreateAndSetChildDomain (1ms)
		EndReloadAssembly (350ms)
			LoadAssemblies (61ms)
			RebuildTransferFunctionScriptingTraits (0ms)
			SetupTypeCache (130ms)
			ReleaseScriptCaches (0ms)
			RebuildScriptCaches (23ms)
			SetupLoadedEditorAssemblies (163ms)
				LogAssemblyErrors (0ms)
				InitializePlatformSupportModulesInManaged (5ms)
				SetLoadedEditorAssemblies (0ms)
				RefreshPlugins (59ms)
				BeforeProcessingInitializeOnLoad (1ms)
				ProcessInitializeOnLoadAttributes (75ms)
				ProcessInitializeOnLoadMethodAttributes (23ms)
				AfterProcessingInitializeOnLoad (0ms)
				EditorAssembliesLoaded (0ms)
			ExecutionOrderSort2 (0ms)
			AwakeInstancesAfterBackupRestoration (0ms)
Platform modules already initialized, skipping
Registering precompiled user dll's ...
Registered in 0.005137 seconds.
Begin MonoManager ReloadAssembly
Symbol file LoadedFromMemory doesn't match image D:\Auticus\Dev\ActionRPG\Library\PackageCache\com.unity.visualscripting@1.6.1\Editor\VisualScripting.Core\Dependencies\YamlDotNet\Unity.VisualScripting.YamlDotNet.dll
Symbol file LoadedFromMemory doesn't match image D:\Auticus\Dev\ActionRPG\Library\PackageCache\com.unity.visualscripting@1.6.1\Editor\VisualScripting.Core\Dependencies\DotNetZip\Unity.VisualScripting.IonicZip.dll
Native extension for WindowsStandalone target not found
Refreshing native plugins compatible for Editor in 0.48 ms, found 3 plugins.
Preloading 0 native plugins for Editor in 0.00 ms.
Mono: successfully reloaded assembly
- Completed reload, in  0.882 seconds
Domain Reload Profiling:
	ReloadAssembly (883ms)
		BeginReloadAssembly (133ms)
			ExecutionOrderSort (0ms)
			DisableScriptedObjects (4ms)
			BackupInstance (0ms)
			ReleaseScriptingObjects (0ms)
			CreateAndSetChildDomain (14ms)
		EndReloadAssembly (708ms)
			LoadAssemblies (94ms)
			RebuildTransferFunctionScriptingTraits (0ms)
			SetupTypeCache (270ms)
			ReleaseScriptCaches (0ms)
			RebuildScriptCaches (40ms)
			SetupLoadedEditorAssemblies (252ms)
				LogAssemblyErrors (0ms)
				InitializePlatformSupportModulesInManaged (4ms)
				SetLoadedEditorAssemblies (0ms)
				RefreshPlugins (1ms)
				BeforeProcessingInitializeOnLoad (47ms)
				ProcessInitializeOnLoadAttributes (194ms)
				ProcessInitializeOnLoadMethodAttributes (4ms)
				AfterProcessingInitializeOnLoad (2ms)
				EditorAssembliesLoaded (0ms)
			ExecutionOrderSort2 (0ms)
			AwakeInstancesAfterBackupRestoration (5ms)
Platform modules already initialized, skipping
========================================================================
Worker process is ready to serve import requests
Launched and connected shader compiler UnityShaderCompiler.exe after 0.03 seconds
Refreshing native plugins compatible for Editor in 0.45 ms, found 3 plugins.
Preloading 0 native plugins for Editor in 0.00 ms.
Unloading 3117 Unused Serialized files (Serialized files now loaded: 0)
System memory in use before: 126.0 MB.
System memory in use after: 126.2 MB.

Unloading 24 unused Assets to reduce memory usage. Loaded Objects now: 3580.
Total: 1.804600 ms (FindLiveObjects: 0.192200 ms CreateObjectMapping: 0.135600 ms MarkObjects: 1.404100 ms  DeleteObjects: 0.071800 ms)

AssetImportParameters requested are different than current active one (requested -> active):
  custom:framework-win-MediaFoundation: 216162199b28c13a410421893ffa2e32 -> 
  custom:video-decoder-ogg-theora: a1e56fd34408186e4bbccfd4996cb3dc -> 
  custom:container-muxer-webm: aa71ff27fc2769a1b78a27578f13a17b -> 
  custom:container-demuxer-webm: 4f35f7cbe854078d1ac9338744f61a02 -> 
  custom:container-demuxer-ogg: 62fdf1f143b41e24485cea50d1cbac27 -> 
  custom:video-encoder-webm-vp8: eb34c28f22e8b96e1ab97ce403110664 -> 
  custom:video-decoder-webm-vp8: 9c59270c3fd7afecdb556c50c9e8de78 -> 
  custom:audio-decoder-ogg-vorbis: bf7c407c2cedff20999df2af8eb42d56 -> 
  custom:audio-encoder-webm-vorbis: bf7c407c2cedff20999df2af8eb42d56 -> 
========================================================================
Received Import Request.
  path: Assets/Code/Combat/Fighter.cs
  artifactKey: Guid(87643247dfeb4614cbf429c4761176ed) Importer(815301076,1909f56bfc062723c751e8b465ee728b)
Start importing Assets/Code/Combat/Fighter.cs using Guid(87643247dfeb4614cbf429c4761176ed) Importer(815301076,1909f56bfc062723c751e8b465ee728b)  -> (artifact id: '7c83f220f3985ae42e2e7e57c7923892') in 0.558167 seconds 
========================================================================
Received Import Request.
  Time since last request: 91.117149 seconds.
  path: Assets/Code/Combat/Fighter.cs
  artifactKey: Guid(87643247dfeb4614cbf429c4761176ed) Importer(815301076,1909f56bfc062723c751e8b465ee728b)
Start importing Assets/Code/Combat/Fighter.cs using Guid(87643247dfeb4614cbf429c4761176ed) Importer(815301076,1909f56bfc062723c751e8b465ee728b)  -> (artifact id: 'db007a187aadd24b76029c0f62848541') in 0.002024 seconds 
========================================================================
Received Import Request.
  Time since last request: 11.028836 seconds.
  path: Assets/Code/Combat/Fighter.cs
  artifactKey: Guid(87643247dfeb4614cbf429c4761176ed) Importer(815301076,1909f56bfc062723c751e8b465ee728b)
Start importing Assets/Code/Combat/Fighter.cs using Guid(87643247dfeb4614cbf429c4761176ed) Importer(815301076,1909f56bfc062723c751e8b465ee728b)  -> (artifact id: 'fc9f94e5fc7ee6e7b5a5f2ebe1df29f7') in 0.001802 seconds 
========================================================================
Received Import Request.
  Time since last request: 19.066274 seconds.
  path: Assets/Code/Combat/Fighter.cs
  artifactKey: Guid(87643247dfeb4614cbf429c4761176ed) Importer(815301076,1909f56bfc062723c751e8b465ee728b)
Start importing Assets/Code/Combat/Fighter.cs using Guid(87643247dfeb4614cbf429c4761176ed) Importer(815301076,1909f56bfc062723c751e8b465ee728b)  -> (artifact id: 'c5ec7f23503bea8acea39bbfc2a8630c') in 0.002082 seconds 
========================================================================
Received Prepare
Registering precompiled user dll's ...
Registered in 0.006620 seconds.
Begin MonoManager ReloadAssembly
Symbol file LoadedFromMemory doesn't match image D:\Auticus\Dev\ActionRPG\Library\PackageCache\com.unity.visualscripting@1.6.1\Editor\VisualScripting.Core\Dependencies\YamlDotNet\Unity.VisualScripting.YamlDotNet.dll
Symbol file LoadedFromMemory doesn't match image D:\Auticus\Dev\ActionRPG\Library\PackageCache\com.unity.visualscripting@1.6.1\Editor\VisualScripting.Core\Dependencies\DotNetZip\Unity.VisualScripting.IonicZip.dll
Native extension for WindowsStandalone target not found
Refreshing native plugins compatible for Editor in 0.56 ms, found 3 plugins.
Preloading 0 native plugins for Editor in 0.00 ms.
Mono: successfully reloaded assembly
- Completed reload, in  0.846 seconds
Domain Reload Profiling:
	ReloadAssembly (846ms)
		BeginReloadAssembly (113ms)
			ExecutionOrderSort (0ms)
			DisableScriptedObjects (4ms)
			BackupInstance (0ms)
			ReleaseScriptingObjects (0ms)
			CreateAndSetChildDomain (27ms)
		EndReloadAssembly (691ms)
			LoadAssemblies (93ms)
			RebuildTransferFunctionScriptingTraits (0ms)
			SetupTypeCache (273ms)
			ReleaseScriptCaches (1ms)
			RebuildScriptCaches (31ms)
			SetupLoadedEditorAssemblies (238ms)
				LogAssemblyErrors (0ms)
				InitializePlatformSupportModulesInManaged (4ms)
				SetLoadedEditorAssemblies (0ms)
				RefreshPlugins (1ms)
				BeforeProcessingInitializeOnLoad (37ms)
				ProcessInitializeOnLoadAttributes (190ms)
				ProcessInitializeOnLoadMethodAttributes (4ms)
				AfterProcessingInitializeOnLoad (2ms)
				EditorAssembliesLoaded (0ms)
			ExecutionOrderSort2 (0ms)
			AwakeInstancesAfterBackupRestoration (5ms)
Platform modules already initialized, skipping
Refreshing native plugins compatible for Editor in 0.48 ms, found 3 plugins.
Preloading 0 native plugins for Editor in 0.00 ms.
Unloading 3110 Unused Serialized files (Serialized files now loaded: 0)
System memory in use before: 125.9 MB.
System memory in use after: 126.1 MB.

Unloading 19 unused Assets to reduce memory usage. Loaded Objects now: 3583.
Total: 1.867800 ms (FindLiveObjects: 0.196400 ms CreateObjectMapping: 0.145400 ms MarkObjects: 1.468100 ms  DeleteObjects: 0.057100 ms)

AssetImportParameters requested are different than current active one (requested -> active):
  custom:framework-win-MediaFoundation: 216162199b28c13a410421893ffa2e32 -> 
  custom:video-decoder-ogg-theora: a1e56fd34408186e4bbccfd4996cb3dc -> 
  custom:container-muxer-webm: aa71ff27fc2769a1b78a27578f13a17b -> 
  custom:container-demuxer-webm: 4f35f7cbe854078d1ac9338744f61a02 -> 
  custom:container-demuxer-ogg: 62fdf1f143b41e24485cea50d1cbac27 -> 
  custom:video-encoder-webm-vp8: eb34c28f22e8b96e1ab97ce403110664 -> 
  custom:video-decoder-webm-vp8: 9c59270c3fd7afecdb556c50c9e8de78 -> 
  custom:audio-decoder-ogg-vorbis: bf7c407c2cedff20999df2af8eb42d56 -> 
  custom:audio-encoder-webm-vorbis: bf7c407c2cedff20999df2af8eb42d56 -> 
========================================================================
Received Import Request.
  Time since last request: 122.493178 seconds.
  path: Assets/Prefabs/Player.prefab
  artifactKey: Guid(9c665efb19099f145b15555cb4f63f25) Importer(815301076,1909f56bfc062723c751e8b465ee728b)
Start importing Assets/Prefabs/Player.prefab using Guid(9c665efb19099f145b15555cb4f63f25) Importer(815301076,1909f56bfc062723c751e8b465ee728b)  -> (artifact id: '0bb43ebf66ab7f5d7e777fd27b3d154d') in 0.137776 seconds 
========================================================================
Received Import Request.
  Time since last request: 39.209469 seconds.
  path: Assets/Prefabs/Enemy.prefab
  artifactKey: Guid(989c25429f2b10941814f56a9109098c) Importer(815301076,1909f56bfc062723c751e8b465ee728b)
Start importing Assets/Prefabs/Enemy.prefab using Guid(989c25429f2b10941814f56a9109098c) Importer(815301076,1909f56bfc062723c751e8b465ee728b)  -> (artifact id: '69ae210605466ae427ffb5d38759980c') in 0.019730 seconds 
========================================================================
Received Import Request.
  Time since last request: 19.360789 seconds.
  path: Assets/Prefabs/Enemy.prefab
  artifactKey: Guid(989c25429f2b10941814f56a9109098c) Importer(815301076,1909f56bfc062723c751e8b465ee728b)
Start importing Assets/Prefabs/Enemy.prefab using Guid(989c25429f2b10941814f56a9109098c) Importer(815301076,1909f56bfc062723c751e8b465ee728b)  -> (artifact id: 'e90c9b949716884c7f48ed343505068f') in 0.017944 seconds 
========================================================================
Received Prepare
Registering precompiled user dll's ...
Registered in 0.009860 seconds.
Begin MonoManager ReloadAssembly
Symbol file LoadedFromMemory doesn't match image D:\Auticus\Dev\ActionRPG\Library\PackageCache\com.unity.visualscripting@1.6.1\Editor\VisualScripting.Core\Dependencies\YamlDotNet\Unity.VisualScripting.YamlDotNet.dll
Symbol file LoadedFromMemory doesn't match image D:\Auticus\Dev\ActionRPG\Library\PackageCache\com.unity.visualscripting@1.6.1\Editor\VisualScripting.Core\Dependencies\DotNetZip\Unity.VisualScripting.IonicZip.dll
Native extension for WindowsStandalone target not found
Refreshing native plugins compatible for Editor in 0.49 ms, found 3 plugins.
Preloading 0 native plugins for Editor in 0.00 ms.
Mono: successfully reloaded assembly
- Completed reload, in  0.866 seconds
Domain Reload Profiling:
	ReloadAssembly (867ms)
		BeginReloadAssembly (118ms)
			ExecutionOrderSort (0ms)
			DisableScriptedObjects (3ms)
			BackupInstance (0ms)
			ReleaseScriptingObjects (0ms)
			CreateAndSetChildDomain (29ms)
		EndReloadAssembly (708ms)
			LoadAssemblies (141ms)
			RebuildTransferFunctionScriptingTraits (0ms)
			SetupTypeCache (255ms)
			ReleaseScriptCaches (1ms)
			RebuildScriptCaches (32ms)
			SetupLoadedEditorAssemblies (230ms)
				LogAssemblyErrors (0ms)
				InitializePlatformSupportModulesInManaged (6ms)
				SetLoadedEditorAssemblies (0ms)
				RefreshPlugins (1ms)
				BeforeProcessingInitializeOnLoad (35ms)
				ProcessInitializeOnLoadAttributes (183ms)
				ProcessInitializeOnLoadMethodAttributes (3ms)
				AfterProcessingInitializeOnLoad (2ms)
				EditorAssembliesLoaded (0ms)
			ExecutionOrderSort2 (0ms)
			AwakeInstancesAfterBackupRestoration (5ms)
Platform modules already initialized, skipping
Refreshing native plugins compatible for Editor in 0.46 ms, found 3 plugins.
Preloading 0 native plugins for Editor in 0.00 ms.
Unloading 3110 Unused Serialized files (Serialized files now loaded: 0)
System memory in use before: 144.0 MB.
System memory in use after: 144.2 MB.

Unloading 19 unused Assets to reduce memory usage. Loaded Objects now: 3594.
Total: 1.887100 ms (FindLiveObjects: 0.184300 ms CreateObjectMapping: 0.128300 ms MarkObjects: 1.520900 ms  DeleteObjects: 0.052500 ms)

AssetImportParameters requested are different than current active one (requested -> active):
  custom:framework-win-MediaFoundation: 216162199b28c13a410421893ffa2e32 -> 
  custom:video-decoder-ogg-theora: a1e56fd34408186e4bbccfd4996cb3dc -> 
  custom:container-muxer-webm: aa71ff27fc2769a1b78a27578f13a17b -> 
  custom:container-demuxer-webm: 4f35f7cbe854078d1ac9338744f61a02 -> 
  custom:container-demuxer-ogg: 62fdf1f143b41e24485cea50d1cbac27 -> 
  custom:video-encoder-webm-vp8: eb34c28f22e8b96e1ab97ce403110664 -> 
  custom:video-decoder-webm-vp8: 9c59270c3fd7afecdb556c50c9e8de78 -> 
  custom:audio-decoder-ogg-vorbis: bf7c407c2cedff20999df2af8eb42d56 -> 
  custom:audio-encoder-webm-vorbis: bf7c407c2cedff20999df2af8eb42d56 -> 
========================================================================
Received Import Request.
  Time since last request: 845.624595 seconds.
  path: Assets/Code/Weapons/Bow
  artifactKey: Guid(81e1f558cc59f3f46934fefa035c3254) Importer(815301076,1909f56bfc062723c751e8b465ee728b)
Start importing Assets/Code/Weapons/Bow using Guid(81e1f558cc59f3f46934fefa035c3254) Importer(815301076,1909f56bfc062723c751e8b465ee728b)  -> (artifact id: 'f9f1d2b63dec9a6decd3c2c5a4102f97') in 0.031123 seconds 
========================================================================
Received Import Request.
  Time since last request: 39.223099 seconds.
  path: Assets/Code/Weapons/Bow/Equipped Bow.prefab
  artifactKey: Guid(eae3cd66bed131744a060116d53c73ba) Importer(815301076,1909f56bfc062723c751e8b465ee728b)
Start importing Assets/Code/Weapons/Bow/Equipped Bow.prefab using Guid(eae3cd66bed131744a060116d53c73ba) Importer(815301076,1909f56bfc062723c751e8b465ee728b)  -> (artifact id: 'dbfc938ee80f472570f304b5a71f6874') in 0.041734 seconds 
========================================================================
Received Import Request.
  Time since last request: 21.113562 seconds.
  path: Assets/Code/Weapons/Bow/Bow.asset
  artifactKey: Guid(613c38d76240b2a4e8ee0fdd47610390) Importer(815301076,1909f56bfc062723c751e8b465ee728b)
Start importing Assets/Code/Weapons/Bow/Bow.asset using Guid(613c38d76240b2a4e8ee0fdd47610390) Importer(815301076,1909f56bfc062723c751e8b465ee728b)  -> (artifact id: '170ccbd73a3cf9985687c093b223039b') in 0.004338 seconds 
========================================================================
Received Import Request.
  Time since last request: 13.129083 seconds.
  path: Assets/Code/Weapons/Bow/Bow.asset
  artifactKey: Guid(613c38d76240b2a4e8ee0fdd47610390) Importer(815301076,1909f56bfc062723c751e8b465ee728b)
Start importing Assets/Code/Weapons/Bow/Bow.asset using Guid(613c38d76240b2a4e8ee0fdd47610390) Importer(815301076,1909f56bfc062723c751e8b465ee728b)  -> (artifact id: '13fd7e73af35b5702a9b4333c459248d') in 0.003062 seconds 
========================================================================
Received Import Request.
  Time since last request: 14.093351 seconds.
  path: Assets/Code/Weapons/Bow/Bow Override Controller.overrideController
  artifactKey: Guid(b015e382a54261f429c1077c3f78fb65) Importer(815301076,1909f56bfc062723c751e8b465ee728b)
Start importing Assets/Code/Weapons/Bow/Bow Override Controller.overrideController using Guid(b015e382a54261f429c1077c3f78fb65) Importer(815301076,1909f56bfc062723c751e8b465ee728b)  -> (artifact id: '76727ef0a3cd772a90a882f2902433ca') in 0.004292 seconds 
========================================================================
Received Import Request.
  Time since last request: 47.912236 seconds.
  path: Assets/Code/Weapons/Bow/Bow Override Controller.overrideController
  artifactKey: Guid(b015e382a54261f429c1077c3f78fb65) Importer(815301076,1909f56bfc062723c751e8b465ee728b)
Start importing Assets/Code/Weapons/Bow/Bow Override Controller.overrideController using Guid(b015e382a54261f429c1077c3f78fb65) Importer(815301076,1909f56bfc062723c751e8b465ee728b)  -> (artifact id: '424460cf0b2a0851ad1f4f92b9e8a7b2') in 0.020741 seconds 
========================================================================
Received Import Request.
  Time since last request: 26.178567 seconds.
  path: Assets/Code/Weapons/Bow/Bow Override Controller.overrideController
  artifactKey: Guid(b015e382a54261f429c1077c3f78fb65) Importer(815301076,1909f56bfc062723c751e8b465ee728b)
Start importing Assets/Code/Weapons/Bow/Bow Override Controller.overrideController using Guid(b015e382a54261f429c1077c3f78fb65) Importer(815301076,1909f56bfc062723c751e8b465ee728b)  -> (artifact id: 'b5b413ac1ed3017afde75e473b91c619') in 0.007700 seconds 
========================================================================
Received Import Request.
  Time since last request: 4432.314649 seconds.
  path: Assets/Code/Weapons/Bow/Bow.asset
  artifactKey: Guid(613c38d76240b2a4e8ee0fdd47610390) Importer(815301076,1909f56bfc062723c751e8b465ee728b)
Start importing Assets/Code/Weapons/Bow/Bow.asset using Guid(613c38d76240b2a4e8ee0fdd47610390) Importer(815301076,1909f56bfc062723c751e8b465ee728b)  -> (artifact id: 'bd1e4a72818b22851a7b001ce8c61680') in 0.027616 seconds 
========================================================================
Received Import Request.
  Time since last request: 63.854755 seconds.
  path: Assets/Code/Pickups/Sword Pickup 1.prefab
  artifactKey: Guid(8dce9cdb279c83746b927a2b51dab4bb) Importer(815301076,1909f56bfc062723c751e8b465ee728b)
Start importing Assets/Code/Pickups/Sword Pickup 1.prefab using Guid(8dce9cdb279c83746b927a2b51dab4bb) Importer(815301076,1909f56bfc062723c751e8b465ee728b)  -> (artifact id: '29f4b987a97458335edabce19345daba') in 0.029846 seconds 
========================================================================
Received Import Request.
  Time since last request: 8.740119 seconds.
  path: Assets/Code/Pickups/Bow Pickup.prefab
  artifactKey: Guid(8dce9cdb279c83746b927a2b51dab4bb) Importer(815301076,1909f56bfc062723c751e8b465ee728b)
Start importing Assets/Code/Pickups/Bow Pickup.prefab using Guid(8dce9cdb279c83746b927a2b51dab4bb) Importer(815301076,1909f56bfc062723c751e8b465ee728b)  -> (artifact id: '837dd36300547c49da67f63b28e04f5b') in 0.023439 seconds 
========================================================================
Received Import Request.
  Time since last request: 4.573150 seconds.
  path: Assets/Code/Pickups/Bow Pickup.prefab
  artifactKey: Guid(8dce9cdb279c83746b927a2b51dab4bb) Importer(815301076,1909f56bfc062723c751e8b465ee728b)
Start importing Assets/Code/Pickups/Bow Pickup.prefab using Guid(8dce9cdb279c83746b927a2b51dab4bb) Importer(815301076,1909f56bfc062723c751e8b465ee728b)  -> (artifact id: '242a5d0c1328c3d14977e30df41005e6') in 0.014622 seconds 
========================================================================
Received Import Request.
  Time since last request: 43.886266 seconds.
  path: Assets/Code/Pickups/Bow Pickup.prefab
  artifactKey: Guid(8dce9cdb279c83746b927a2b51dab4bb) Importer(815301076,1909f56bfc062723c751e8b465ee728b)
Start importing Assets/Code/Pickups/Bow Pickup.prefab using Guid(8dce9cdb279c83746b927a2b51dab4bb) Importer(815301076,1909f56bfc062723c751e8b465ee728b)  -> (artifact id: '94da35fafd02f31497a0cfbf199fcfd1') in 0.029090 seconds 
========================================================================
Received Prepare
Registering precompiled user dll's ...
Registered in 0.006026 seconds.
Begin MonoManager ReloadAssembly
Symbol file LoadedFromMemory doesn't match image D:\Auticus\Dev\ActionRPG\Library\PackageCache\com.unity.visualscripting@1.6.1\Editor\VisualScripting.Core\Dependencies\YamlDotNet\Unity.VisualScripting.YamlDotNet.dll
Symbol file LoadedFromMemory doesn't match image D:\Auticus\Dev\ActionRPG\Library\PackageCache\com.unity.visualscripting@1.6.1\Editor\VisualScripting.Core\Dependencies\DotNetZip\Unity.VisualScripting.IonicZip.dll
Native extension for WindowsStandalone target not found
Refreshing native plugins compatible for Editor in 0.45 ms, found 3 plugins.
Preloading 0 native plugins for Editor in 0.00 ms.
Mono: successfully reloaded assembly
- Completed reload, in  0.821 seconds
Domain Reload Profiling:
	ReloadAssembly (822ms)
		BeginReloadAssembly (126ms)
			ExecutionOrderSort (0ms)
			DisableScriptedObjects (3ms)
			BackupInstance (0ms)
			ReleaseScriptingObjects (0ms)
			CreateAndSetChildDomain (29ms)
		EndReloadAssembly (655ms)
			LoadAssemblies (99ms)
			RebuildTransferFunctionScriptingTraits (0ms)
			SetupTypeCache (255ms)
			ReleaseScriptCaches (1ms)
			RebuildScriptCaches (32ms)
			SetupLoadedEditorAssemblies (225ms)
				LogAssemblyErrors (0ms)
				InitializePlatformSupportModulesInManaged (6ms)
				SetLoadedEditorAssemblies (0ms)
				RefreshPlugins (1ms)
				BeforeProcessingInitializeOnLoad (36ms)
				ProcessInitializeOnLoadAttributes (177ms)
				ProcessInitializeOnLoadMethodAttributes (4ms)
				AfterProcessingInitializeOnLoad (2ms)
				EditorAssembliesLoaded (0ms)
			ExecutionOrderSort2 (0ms)
			AwakeInstancesAfterBackupRestoration (6ms)
Platform modules already initialized, skipping
Refreshing native plugins compatible for Editor in 0.58 ms, found 3 plugins.
Preloading 0 native plugins for Editor in 0.00 ms.
Unloading 3110 Unused Serialized files (Serialized files now loaded: 0)
System memory in use before: 144.0 MB.
System memory in use after: 144.3 MB.

Unloading 19 unused Assets to reduce memory usage. Loaded Objects now: 3598.
Total: 1.931200 ms (FindLiveObjects: 0.216900 ms CreateObjectMapping: 0.167900 ms MarkObjects: 1.488400 ms  DeleteObjects: 0.056800 ms)

AssetImportParameters requested are different than current active one (requested -> active):
  custom:framework-win-MediaFoundation: 216162199b28c13a410421893ffa2e32 -> 
  custom:video-decoder-ogg-theora: a1e56fd34408186e4bbccfd4996cb3dc -> 
  custom:container-muxer-webm: aa71ff27fc2769a1b78a27578f13a17b -> 
  custom:container-demuxer-webm: 4f35f7cbe854078d1ac9338744f61a02 -> 
  custom:container-demuxer-ogg: 62fdf1f143b41e24485cea50d1cbac27 -> 
  custom:video-encoder-webm-vp8: eb34c28f22e8b96e1ab97ce403110664 -> 
  custom:video-decoder-webm-vp8: 9c59270c3fd7afecdb556c50c9e8de78 -> 
  custom:audio-decoder-ogg-vorbis: bf7c407c2cedff20999df2af8eb42d56 -> 
  custom:audio-encoder-webm-vorbis: bf7c407c2cedff20999df2af8eb42d56 -> 
========================================================================
Received Prepare
Registering precompiled user dll's ...
Registered in 0.005190 seconds.
Begin MonoManager ReloadAssembly
Symbol file LoadedFromMemory doesn't match image D:\Auticus\Dev\ActionRPG\Library\PackageCache\com.unity.visualscripting@1.6.1\Editor\VisualScripting.Core\Dependencies\YamlDotNet\Unity.VisualScripting.YamlDotNet.dll
Symbol file LoadedFromMemory doesn't match image D:\Auticus\Dev\ActionRPG\Library\PackageCache\com.unity.visualscripting@1.6.1\Editor\VisualScripting.Core\Dependencies\DotNetZip\Unity.VisualScripting.IonicZip.dll
Native extension for WindowsStandalone target not found
Refreshing native plugins compatible for Editor in 0.45 ms, found 3 plugins.
Preloading 0 native plugins for Editor in 0.00 ms.
Mono: successfully reloaded assembly
- Completed reload, in  0.804 seconds
Domain Reload Profiling:
	ReloadAssembly (807ms)
		BeginReloadAssembly (114ms)
			ExecutionOrderSort (0ms)
			DisableScriptedObjects (3ms)
			BackupInstance (0ms)
			ReleaseScriptingObjects (0ms)
			CreateAndSetChildDomain (26ms)
		EndReloadAssembly (652ms)
			LoadAssemblies (93ms)
			RebuildTransferFunctionScriptingTraits (0ms)
			SetupTypeCache (251ms)
			ReleaseScriptCaches (1ms)
			RebuildScriptCaches (31ms)
			SetupLoadedEditorAssemblies (225ms)
				LogAssemblyErrors (0ms)
				InitializePlatformSupportModulesInManaged (6ms)
				SetLoadedEditorAssemblies (0ms)
				RefreshPlugins (1ms)
				BeforeProcessingInitializeOnLoad (36ms)
				ProcessInitializeOnLoadAttributes (177ms)
				ProcessInitializeOnLoadMethodAttributes (4ms)
				AfterProcessingInitializeOnLoad (2ms)
				EditorAssembliesLoaded (0ms)
			ExecutionOrderSort2 (0ms)
			AwakeInstancesAfterBackupRestoration (5ms)
Platform modules already initialized, skipping
Refreshing native plugins compatible for Editor in 0.46 ms, found 3 plugins.
Preloading 0 native plugins for Editor in 0.00 ms.
Unloading 3110 Unused Serialized files (Serialized files now loaded: 0)
System memory in use before: 144.1 MB.
System memory in use after: 144.3 MB.

Unloading 19 unused Assets to reduce memory usage. Loaded Objects now: 3601.
Total: 1.903100 ms (FindLiveObjects: 0.184200 ms CreateObjectMapping: 0.124900 ms MarkObjects: 1.540300 ms  DeleteObjects: 0.053000 ms)

AssetImportParameters requested are different than current active one (requested -> active):
  custom:framework-win-MediaFoundation: 216162199b28c13a410421893ffa2e32 -> 
  custom:video-decoder-ogg-theora: a1e56fd34408186e4bbccfd4996cb3dc -> 
  custom:container-muxer-webm: aa71ff27fc2769a1b78a27578f13a17b -> 
  custom:container-demuxer-webm: 4f35f7cbe854078d1ac9338744f61a02 -> 
  custom:container-demuxer-ogg: 62fdf1f143b41e24485cea50d1cbac27 -> 
  custom:video-encoder-webm-vp8: eb34c28f22e8b96e1ab97ce403110664 -> 
  custom:video-decoder-webm-vp8: 9c59270c3fd7afecdb556c50c9e8de78 -> 
  custom:audio-decoder-ogg-vorbis: bf7c407c2cedff20999df2af8eb42d56 -> 
  custom:audio-encoder-webm-vorbis: bf7c407c2cedff20999df2af8eb42d56 -> 
========================================================================
Received Import Request.
  Time since last request: 550.258903 seconds.
  path: Assets/Code/Weapons/Bow/Equipped Bow.prefab
  artifactKey: Guid(eae3cd66bed131744a060116d53c73ba) Importer(815301076,1909f56bfc062723c751e8b465ee728b)
Start importing Assets/Code/Weapons/Bow/Equipped Bow.prefab using Guid(eae3cd66bed131744a060116d53c73ba) Importer(815301076,1909f56bfc062723c751e8b465ee728b)  -> (artifact id: '7904d8855f2ed25612d0f7f37b197637') in 0.043856 seconds 
========================================================================
Received Import Request.
  Time since last request: 7.286422 seconds.
  path: Assets/Code/Weapons/Bow/Equipped Bow.prefab
  artifactKey: Guid(eae3cd66bed131744a060116d53c73ba) Importer(815301076,1909f56bfc062723c751e8b465ee728b)
Start importing Assets/Code/Weapons/Bow/Equipped Bow.prefab using Guid(eae3cd66bed131744a060116d53c73ba) Importer(815301076,1909f56bfc062723c751e8b465ee728b)  -> (artifact id: 'fea80f84578389652e23d63ad7bc0c15') in 0.015810 seconds 
========================================================================
Received Prepare
Registering precompiled user dll's ...
Registered in 0.006436 seconds.
Begin MonoManager ReloadAssembly
Symbol file LoadedFromMemory doesn't match image D:\Auticus\Dev\ActionRPG\Library\PackageCache\com.unity.visualscripting@1.6.1\Editor\VisualScripting.Core\Dependencies\YamlDotNet\Unity.VisualScripting.YamlDotNet.dll
Symbol file LoadedFromMemory doesn't match image D:\Auticus\Dev\ActionRPG\Library\PackageCache\com.unity.visualscripting@1.6.1\Editor\VisualScripting.Core\Dependencies\DotNetZip\Unity.VisualScripting.IonicZip.dll
Native extension for WindowsStandalone target not found
Refreshing native plugins compatible for Editor in 0.46 ms, found 3 plugins.
Preloading 0 native plugins for Editor in 0.00 ms.
Mono: successfully reloaded assembly
- Completed reload, in  0.800 seconds
Domain Reload Profiling:
	ReloadAssembly (803ms)
		BeginReloadAssembly (119ms)
			ExecutionOrderSort (0ms)
			DisableScriptedObjects (3ms)
			BackupInstance (0ms)
			ReleaseScriptingObjects (0ms)
			CreateAndSetChildDomain (25ms)
		EndReloadAssembly (643ms)
			LoadAssemblies (95ms)
			RebuildTransferFunctionScriptingTraits (0ms)
			SetupTypeCache (248ms)
			ReleaseScriptCaches (1ms)
			RebuildScriptCaches (31ms)
			SetupLoadedEditorAssemblies (222ms)
				LogAssemblyErrors (0ms)
				InitializePlatformSupportModulesInManaged (4ms)
				SetLoadedEditorAssemblies (0ms)
				RefreshPlugins (1ms)
				BeforeProcessingInitializeOnLoad (34ms)
				ProcessInitializeOnLoadAttributes (177ms)
				ProcessInitializeOnLoadMethodAttributes (4ms)
				AfterProcessingInitializeOnLoad (2ms)
				EditorAssembliesLoaded (0ms)
			ExecutionOrderSort2 (0ms)
			AwakeInstancesAfterBackupRestoration (5ms)
Platform modules already initialized, skipping
Refreshing native plugins compatible for Editor in 0.53 ms, found 3 plugins.
Preloading 0 native plugins for Editor in 0.00 ms.
Unloading 3110 Unused Serialized files (Serialized files now loaded: 0)
System memory in use before: 144.1 MB.
System memory in use after: 144.3 MB.

Unloading 19 unused Assets to reduce memory usage. Loaded Objects now: 3605.
Total: 2.302100 ms (FindLiveObjects: 0.291800 ms CreateObjectMapping: 0.227300 ms MarkObjects: 1.722500 ms  DeleteObjects: 0.059300 ms)

AssetImportParameters requested are different than current active one (requested -> active):
  custom:framework-win-MediaFoundation: 216162199b28c13a410421893ffa2e32 -> 
  custom:video-decoder-ogg-theora: a1e56fd34408186e4bbccfd4996cb3dc -> 
  custom:container-muxer-webm: aa71ff27fc2769a1b78a27578f13a17b -> 
  custom:container-demuxer-webm: 4f35f7cbe854078d1ac9338744f61a02 -> 
  custom:container-demuxer-ogg: 62fdf1f143b41e24485cea50d1cbac27 -> 
  custom:video-encoder-webm-vp8: eb34c28f22e8b96e1ab97ce403110664 -> 
  custom:video-decoder-webm-vp8: 9c59270c3fd7afecdb556c50c9e8de78 -> 
  custom:audio-decoder-ogg-vorbis: bf7c407c2cedff20999df2af8eb42d56 -> 
  custom:audio-encoder-webm-vorbis: bf7c407c2cedff20999df2af8eb42d56 -> 
========================================================================
Received Import Request.
  Time since last request: 167.653523 seconds.
  path: Assets/Code/Weapons/Bow/Equipped Bow.prefab
  artifactKey: Guid(eae3cd66bed131744a060116d53c73ba) Importer(815301076,1909f56bfc062723c751e8b465ee728b)
Start importing Assets/Code/Weapons/Bow/Equipped Bow.prefab using Guid(eae3cd66bed131744a060116d53c73ba) Importer(815301076,1909f56bfc062723c751e8b465ee728b)  -> (artifact id: '60ad0f51f6aed91b169603d9d97228f9') in 0.041889 seconds 
========================================================================
Received Prepare
Registering precompiled user dll's ...
Registered in 0.005095 seconds.
Begin MonoManager ReloadAssembly
Symbol file LoadedFromMemory doesn't match image D:\Auticus\Dev\ActionRPG\Library\PackageCache\com.unity.visualscripting@1.6.1\Editor\VisualScripting.Core\Dependencies\YamlDotNet\Unity.VisualScripting.YamlDotNet.dll
Symbol file LoadedFromMemory doesn't match image D:\Auticus\Dev\ActionRPG\Library\PackageCache\com.unity.visualscripting@1.6.1\Editor\VisualScripting.Core\Dependencies\DotNetZip\Unity.VisualScripting.IonicZip.dll
Native extension for WindowsStandalone target not found
Refreshing native plugins compatible for Editor in 0.45 ms, found 3 plugins.
Preloading 0 native plugins for Editor in 0.00 ms.
Mono: successfully reloaded assembly
- Completed reload, in  0.781 seconds
Domain Reload Profiling:
	ReloadAssembly (782ms)
		BeginReloadAssembly (100ms)
			ExecutionOrderSort (0ms)
			DisableScriptedObjects (3ms)
			BackupInstance (0ms)
			ReleaseScriptingObjects (0ms)
			CreateAndSetChildDomain (24ms)
		EndReloadAssembly (641ms)
			LoadAssemblies (89ms)
			RebuildTransferFunctionScriptingTraits (0ms)
			SetupTypeCache (247ms)
			ReleaseScriptCaches (1ms)
			RebuildScriptCaches (32ms)
			SetupLoadedEditorAssemblies (221ms)
				LogAssemblyErrors (0ms)
				InitializePlatformSupportModulesInManaged (4ms)
				SetLoadedEditorAssemblies (0ms)
				RefreshPlugins (1ms)
				BeforeProcessingInitializeOnLoad (34ms)
				ProcessInitializeOnLoadAttributes (176ms)
				ProcessInitializeOnLoadMethodAttributes (4ms)
				AfterProcessingInitializeOnLoad (2ms)
				EditorAssembliesLoaded (0ms)
			ExecutionOrderSort2 (0ms)
			AwakeInstancesAfterBackupRestoration (5ms)
Platform modules already initialized, skipping
Refreshing native plugins compatible for Editor in 0.46 ms, found 3 plugins.
Preloading 0 native plugins for Editor in 0.00 ms.
Unloading 3110 Unused Serialized files (Serialized files now loaded: 0)
System memory in use before: 144.1 MB.
System memory in use after: 144.3 MB.

Unloading 19 unused Assets to reduce memory usage. Loaded Objects now: 3609.
Total: 2.284800 ms (FindLiveObjects: 0.221000 ms CreateObjectMapping: 0.131200 ms MarkObjects: 1.878100 ms  DeleteObjects: 0.053700 ms)

AssetImportParameters requested are different than current active one (requested -> active):
  custom:framework-win-MediaFoundation: 216162199b28c13a410421893ffa2e32 -> 
  custom:video-decoder-ogg-theora: a1e56fd34408186e4bbccfd4996cb3dc -> 
  custom:container-muxer-webm: aa71ff27fc2769a1b78a27578f13a17b -> 
  custom:container-demuxer-webm: 4f35f7cbe854078d1ac9338744f61a02 -> 
  custom:container-demuxer-ogg: 62fdf1f143b41e24485cea50d1cbac27 -> 
  custom:video-encoder-webm-vp8: eb34c28f22e8b96e1ab97ce403110664 -> 
  custom:video-decoder-webm-vp8: 9c59270c3fd7afecdb556c50c9e8de78 -> 
  custom:audio-decoder-ogg-vorbis: bf7c407c2cedff20999df2af8eb42d56 -> 
  custom:audio-encoder-webm-vorbis: bf7c407c2cedff20999df2af8eb42d56 -> 
AssetImportWorkerClient::OnTransportError - code=2 error=End of file
